

Version:	3.50
CmdLine:	D:\Project\BDO_Market\BDOMarket_Sell.exe --l4j-debug
JNI:		No
WOW64:		Yes
Working dir:	D:\Project\BDO_Market\.
Requires JDK:	No
Requires 64-Bit: No
Java min ver:	
Java max ver:	
Substitute:	JAVA_HOME = 
Substitute:	PATH = C:\Program Files (x86)\Microsoft SDKs\Azure\CLI2\wbin;C:\Program Files (x86)\Common Files\Oracle\Java\javapath;C:\WINDOWS\system32;C:\WINDOWS;C:\WINDOWS\System32\Wbem;C:\WINDOWS\System32\WindowsPowerShell\v1.0\;C:\WINDOWS\System32\OpenSSH\;C:\Program Files\Git\cmd;C:\Program Files\TortoiseGit\bin;C:\Users\Trustify\AppData\Roaming\nvm;C:\Program Files\nodejs;C:\Program Files (x86)\Windows Kits\8.1\Windows Performance Toolkit\;C:\Program Files\dotnet\;C:\Program Files\Docker\Docker\resources\bin;C:\Program Files\TortoiseSVN\bin;C:\MinGW\bin;C:\Program Files\CMake\bin;C:\Program Files (x86)\GnuWin32\bin;C:\Users\Trustify\.windows-build-tools\python27\;C:\Users\Trustify\AppData\Local\Microsoft\WindowsApps;C:\Users\Trustify\AppData\Roaming\nvm;C:\Program Files\nodejs;C:\Users\Trustify\AppData\Local\Programs\Microsoft VS Code\bin;C:\Program Files\Java\jre1.8.0_202\bin
JRE paths:	;C:\Program Files (x86)\Microsoft SDKs\Azure\CLI2\wbin;C:\Program Files (x86)\Common Files\Oracle\Java\javapath;C:\WINDOWS\system32;C:\WINDOWS;C:\WINDOWS\System32\Wbem;C:\WINDOWS\System32\WindowsPowerShell\v1.0\;C:\WINDOWS\System32\OpenSSH\;C:\Program Files\Git\cmd;C:\Program Files\TortoiseGit\bin;C:\Users\Trustify\AppData\Roaming\nvm;C:\Program Files\nodejs;C:\Program Files (x86)\Windows Kits\8.1\Windows Performance Toolkit\;C:\Program Files\dotnet\;C:\Program Files\Docker\Docker\resources\bin;C:\Program Files\TortoiseSVN\bin;C:\MinGW\bin;C:\Program Files\CMake\bin;C:\Program Files (x86)\GnuWin32\bin;C:\Users\Trustify\.windows-build-tools\python27\;C:\Users\Trustify\AppData\Local\Microsoft\WindowsApps;C:\Users\Trustify\AppData\Roaming\nvm;C:\Program Files\nodejs;C:\Users\Trustify\AppData\Local\Programs\Microsoft VS Code\bin;C:\Program Files\Java\jre1.8.0_202\bin
Check launcher:	C:\Program Files (x86)\Microsoft SDKs\Azure\CLI2\wbin\bin\javaw.exe (not found)
Check launcher:	C:\Program Files (x86)\Common Files\Oracle\Java\javapath\bin\javaw.exe (not found)
Check launcher:	C:\WINDOWS\system32\bin\javaw.exe (not found)
Check launcher:	C:\WINDOWS\bin\javaw.exe (not found)
Check launcher:	C:\WINDOWS\System32\Wbem\bin\javaw.exe (not found)
Check launcher:	C:\WINDOWS\System32\WindowsPowerShell\v1.0\bin\javaw.exe (not found)
Check launcher:	C:\WINDOWS\System32\OpenSSH\bin\javaw.exe (not found)
Check launcher:	C:\Program Files\Git\cmd\bin\javaw.exe (not found)
Check launcher:	C:\Program Files\TortoiseGit\bin\javaw.exe (not found)
Check launcher:	C:\Users\Trustify\AppData\Roaming\nvm\bin\javaw.exe (not found)
Check launcher:	C:\Program Files\nodejs\bin\javaw.exe (not found)
Check launcher:	C:\Program Files (x86)\Windows Kits\8.1\Windows Performance Toolkit\bin\javaw.exe (not found)
Check launcher:	C:\Program Files\dotnet\bin\javaw.exe (not found)
Check launcher:	C:\Program Files\Docker\Docker\resources\bin\javaw.exe (not found)
Check launcher:	C:\Program Files\TortoiseSVN\bin\javaw.exe (not found)
Check launcher:	C:\MinGW\bin\javaw.exe (not found)
Check launcher:	C:\Program Files\CMake\bin\javaw.exe (not found)
Check launcher:	C:\Program Files (x86)\GnuWin32\bin\javaw.exe (not found)
Check launcher:	C:\Users\Trustify\.windows-build-tools\python27\bin\javaw.exe (not found)
Check launcher:	C:\Users\Trustify\AppData\Local\Microsoft\WindowsApps\bin\javaw.exe (not found)
Check launcher:	C:\Users\Trustify\AppData\Roaming\nvm\bin\javaw.exe (not found)
Check launcher:	C:\Program Files\nodejs\bin\javaw.exe (not found)
Check launcher:	C:\Users\Trustify\AppData\Local\Programs\Microsoft VS Code\bin\javaw.exe (not found)
Check launcher:	C:\Program Files\Java\jre1.8.0_202\bin\javaw.exe (OK)
Version string: 1.008.000_202 / 64-Bit (OK)
Launcher:	C:\Program Files\Java\jre1.8.0_202\bin\javaw.exe
Launcher args:	-jar "D:\Project\BDO_Market\BDOMarket_Sell.exe" 1
Args length:	49/32768 chars
Exit code:	0


Version:	3.50
CmdLine:	D:\Project\BDO_Market\BDOMarket_Sell.exe --l4j-debug
JNI:		No
WOW64:		Yes
Working dir:	D:\Project\BDO_Market\.
Requires JDK:	No
Requires 64-Bit: No
Java min ver:	
Java max ver:	
Substitute:	JAVA_HOME = 
Substitute:	PATH = C:\Program Files (x86)\Microsoft SDKs\Azure\CLI2\wbin;C:\Program Files (x86)\Common Files\Oracle\Java\javapath;C:\WINDOWS\system32;C:\WINDOWS;C:\WINDOWS\System32\Wbem;C:\WINDOWS\System32\WindowsPowerShell\v1.0\;C:\WINDOWS\System32\OpenSSH\;C:\Program Files\Git\cmd;C:\Program Files\TortoiseGit\bin;C:\Users\Trustify\AppData\Roaming\nvm;C:\Program Files\nodejs;C:\Program Files (x86)\Windows Kits\8.1\Windows Performance Toolkit\;C:\Program Files\dotnet\;C:\Program Files\Docker\Docker\resources\bin;C:\Program Files\TortoiseSVN\bin;C:\MinGW\bin;C:\Program Files\CMake\bin;C:\Program Files (x86)\GnuWin32\bin;C:\Users\Trustify\.windows-build-tools\python27\;C:\Users\Trustify\AppData\Local\Microsoft\WindowsApps;C:\Users\Trustify\AppData\Roaming\nvm;C:\Program Files\nodejs;C:\Users\Trustify\AppData\Local\Programs\Microsoft VS Code\bin;C:\Program Files\Java\jre1.8.0_202\bin
JRE paths:	;C:\Program Files (x86)\Microsoft SDKs\Azure\CLI2\wbin;C:\Program Files (x86)\Common Files\Oracle\Java\javapath;C:\WINDOWS\system32;C:\WINDOWS;C:\WINDOWS\System32\Wbem;C:\WINDOWS\System32\WindowsPowerShell\v1.0\;C:\WINDOWS\System32\OpenSSH\;C:\Program Files\Git\cmd;C:\Program Files\TortoiseGit\bin;C:\Users\Trustify\AppData\Roaming\nvm;C:\Program Files\nodejs;C:\Program Files (x86)\Windows Kits\8.1\Windows Performance Toolkit\;C:\Program Files\dotnet\;C:\Program Files\Docker\Docker\resources\bin;C:\Program Files\TortoiseSVN\bin;C:\MinGW\bin;C:\Program Files\CMake\bin;C:\Program Files (x86)\GnuWin32\bin;C:\Users\Trustify\.windows-build-tools\python27\;C:\Users\Trustify\AppData\Local\Microsoft\WindowsApps;C:\Users\Trustify\AppData\Roaming\nvm;C:\Program Files\nodejs;C:\Users\Trustify\AppData\Local\Programs\Microsoft VS Code\bin;C:\Program Files\Java\jre1.8.0_202\bin
Check launcher:	C:\Program Files (x86)\Microsoft SDKs\Azure\CLI2\wbin\bin\javaw.exe (not found)
Check launcher:	C:\Program Files (x86)\Common Files\Oracle\Java\javapath\bin\javaw.exe (not found)
Check launcher:	C:\WINDOWS\system32\bin\javaw.exe (not found)
Check launcher:	C:\WINDOWS\bin\javaw.exe (not found)
Check launcher:	C:\WINDOWS\System32\Wbem\bin\javaw.exe (not found)
Check launcher:	C:\WINDOWS\System32\WindowsPowerShell\v1.0\bin\javaw.exe (not found)
Check launcher:	C:\WINDOWS\System32\OpenSSH\bin\javaw.exe (not found)
Check launcher:	C:\Program Files\Git\cmd\bin\javaw.exe (not found)
Check launcher:	C:\Program Files\TortoiseGit\bin\javaw.exe (not found)
Check launcher:	C:\Users\Trustify\AppData\Roaming\nvm\bin\javaw.exe (not found)
Check launcher:	C:\Program Files\nodejs\bin\javaw.exe (not found)
Check launcher:	C:\Program Files (x86)\Windows Kits\8.1\Windows Performance Toolkit\bin\javaw.exe (not found)
Check launcher:	C:\Program Files\dotnet\bin\javaw.exe (not found)
Check launcher:	C:\Program Files\Docker\Docker\resources\bin\javaw.exe (not found)
Check launcher:	C:\Program Files\TortoiseSVN\bin\javaw.exe (not found)
Check launcher:	C:\MinGW\bin\javaw.exe (not found)
Check launcher:	C:\Program Files\CMake\bin\javaw.exe (not found)
Check launcher:	C:\Program Files (x86)\GnuWin32\bin\javaw.exe (not found)
Check launcher:	C:\Users\Trustify\.windows-build-tools\python27\bin\javaw.exe (not found)
Check launcher:	C:\Users\Trustify\AppData\Local\Microsoft\WindowsApps\bin\javaw.exe (not found)
Check launcher:	C:\Users\Trustify\AppData\Roaming\nvm\bin\javaw.exe (not found)
Check launcher:	C:\Program Files\nodejs\bin\javaw.exe (not found)
Check launcher:	C:\Users\Trustify\AppData\Local\Programs\Microsoft VS Code\bin\javaw.exe (not found)
Check launcher:	C:\Program Files\Java\jre1.8.0_202\bin\javaw.exe (OK)
Version string: 1.008.000_202 / 64-Bit (OK)
Launcher:	C:\Program Files\Java\jre1.8.0_202\bin\javaw.exe
Launcher args:	-jar "D:\Project\BDO_Market\BDOMarket_Sell.exe" 1
Args length:	49/32768 chars
Exit code:	0


Version:	3.50
CmdLine:	D:\Project\BDO_Market\BDOMarket_Sell.exe --l4j-debug
JNI:		No
WOW64:		Yes
Working dir:	D:\Project\BDO_Market\.
Requires JDK:	No
Requires 64-Bit: No
Java min ver:	
Java max ver:	
Substitute:	JAVA_HOME = 
Substitute:	PATH = C:\Program Files (x86)\Microsoft SDKs\Azure\CLI2\wbin;C:\Program Files (x86)\Common Files\Oracle\Java\javapath;C:\WINDOWS\system32;C:\WINDOWS;C:\WINDOWS\System32\Wbem;C:\WINDOWS\System32\WindowsPowerShell\v1.0\;C:\WINDOWS\System32\OpenSSH\;C:\Program Files\Git\cmd;C:\Program Files\TortoiseGit\bin;C:\Users\Trustify\AppData\Roaming\nvm;C:\Program Files\nodejs;C:\Program Files (x86)\Windows Kits\8.1\Windows Performance Toolkit\;C:\Program Files\dotnet\;C:\Program Files\Docker\Docker\resources\bin;C:\Program Files\TortoiseSVN\bin;C:\MinGW\bin;C:\Program Files\CMake\bin;C:\Program Files (x86)\GnuWin32\bin;C:\Users\Trustify\.windows-build-tools\python27\;C:\Users\Trustify\AppData\Local\Microsoft\WindowsApps;C:\Users\Trustify\AppData\Roaming\nvm;C:\Program Files\nodejs;C:\Users\Trustify\AppData\Local\Programs\Microsoft VS Code\bin;C:\Program Files\Java\jre1.8.0_202\bin
JRE paths:	;C:\Program Files (x86)\Microsoft SDKs\Azure\CLI2\wbin;C:\Program Files (x86)\Common Files\Oracle\Java\javapath;C:\WINDOWS\system32;C:\WINDOWS;C:\WINDOWS\System32\Wbem;C:\WINDOWS\System32\WindowsPowerShell\v1.0\;C:\WINDOWS\System32\OpenSSH\;C:\Program Files\Git\cmd;C:\Program Files\TortoiseGit\bin;C:\Users\Trustify\AppData\Roaming\nvm;C:\Program Files\nodejs;C:\Program Files (x86)\Windows Kits\8.1\Windows Performance Toolkit\;C:\Program Files\dotnet\;C:\Program Files\Docker\Docker\resources\bin;C:\Program Files\TortoiseSVN\bin;C:\MinGW\bin;C:\Program Files\CMake\bin;C:\Program Files (x86)\GnuWin32\bin;C:\Users\Trustify\.windows-build-tools\python27\;C:\Users\Trustify\AppData\Local\Microsoft\WindowsApps;C:\Users\Trustify\AppData\Roaming\nvm;C:\Program Files\nodejs;C:\Users\Trustify\AppData\Local\Programs\Microsoft VS Code\bin;C:\Program Files\Java\jre1.8.0_202\bin
Check launcher:	C:\Program Files (x86)\Microsoft SDKs\Azure\CLI2\wbin\bin\javaw.exe (not found)
Check launcher:	C:\Program Files (x86)\Common Files\Oracle\Java\javapath\bin\javaw.exe (not found)
Check launcher:	C:\WINDOWS\system32\bin\javaw.exe (not found)
Check launcher:	C:\WINDOWS\bin\javaw.exe (not found)
Check launcher:	C:\WINDOWS\System32\Wbem\bin\javaw.exe (not found)
Check launcher:	C:\WINDOWS\System32\WindowsPowerShell\v1.0\bin\javaw.exe (not found)
Check launcher:	C:\WINDOWS\System32\OpenSSH\bin\javaw.exe (not found)
Check launcher:	C:\Program Files\Git\cmd\bin\javaw.exe (not found)
Check launcher:	C:\Program Files\TortoiseGit\bin\javaw.exe (not found)
Check launcher:	C:\Users\Trustify\AppData\Roaming\nvm\bin\javaw.exe (not found)
Check launcher:	C:\Program Files\nodejs\bin\javaw.exe (not found)
Check launcher:	C:\Program Files (x86)\Windows Kits\8.1\Windows Performance Toolkit\bin\javaw.exe (not found)
Check launcher:	C:\Program Files\dotnet\bin\javaw.exe (not found)
Check launcher:	C:\Program Files\Docker\Docker\resources\bin\javaw.exe (not found)
Check launcher:	C:\Program Files\TortoiseSVN\bin\javaw.exe (not found)
Check launcher:	C:\MinGW\bin\javaw.exe (not found)
Check launcher:	C:\Program Files\CMake\bin\javaw.exe (not found)
Check launcher:	C:\Program Files (x86)\GnuWin32\bin\javaw.exe (not found)
Check launcher:	C:\Users\Trustify\.windows-build-tools\python27\bin\javaw.exe (not found)
Check launcher:	C:\Users\Trustify\AppData\Local\Microsoft\WindowsApps\bin\javaw.exe (not found)
Check launcher:	C:\Users\Trustify\AppData\Roaming\nvm\bin\javaw.exe (not found)
Check launcher:	C:\Program Files\nodejs\bin\javaw.exe (not found)
Check launcher:	C:\Users\Trustify\AppData\Local\Programs\Microsoft VS Code\bin\javaw.exe (not found)
Check launcher:	C:\Program Files\Java\jre1.8.0_202\bin\javaw.exe (OK)
Version string: 1.008.000_202 / 64-Bit (OK)
Launcher:	C:\Program Files\Java\jre1.8.0_202\bin\javaw.exe
Launcher args:	-jar "D:\Project\BDO_Market\BDOMarket_Sell.exe" 1
Args length:	49/32768 chars
Exit code:	0
